<?xml version="1.0" encoding="UTF-8"?>
<coverage generated="1608062912913" clover="3.2.0">
  <project timestamp="1608062912913" name="All files">
    <metrics statements="143" coveredstatements="78" conditionals="49" coveredconditionals="16" methods="59" coveredmethods="30" elements="251" coveredelements="124" complexity="0" loc="143" ncloc="143" packages="2" files="4" classes="4"/>
    <package name="components">
      <metrics statements="140" coveredstatements="75" conditionals="49" coveredconditionals="16" methods="57" coveredmethods="28"/>
      <file name="button.js" path="/Users/sintabela/Documents/expo/nanda/fe-3/components/button.js">
        <metrics statements="53" coveredstatements="28" conditionals="18" coveredconditionals="8" methods="20" coveredmethods="9"/>
        <line num="16" count="1" type="stmt"/>
        <line num="18" count="5" type="stmt"/>
        <line num="20" count="18" type="stmt"/>
        <line num="29" count="5" type="stmt"/>
        <line num="30" count="0" type="stmt"/>
        <line num="31" count="0" type="cond" truecount="0" falsecount="2"/>
        <line num="32" count="0" type="stmt"/>
        <line num="33" count="0" type="cond" truecount="0" falsecount="2"/>
        <line num="34" count="0" type="stmt"/>
        <line num="35" count="0" type="stmt"/>
        <line num="39" count="0" type="stmt"/>
        <line num="43" count="5" type="stmt"/>
        <line num="62" count="18" type="stmt"/>
        <line num="64" count="0" type="stmt"/>
        <line num="102" count="1" type="stmt"/>
        <line num="103" count="5" type="stmt"/>
        <line num="122" count="1" type="stmt"/>
        <line num="123" count="5" type="stmt"/>
        <line num="124" count="0" type="stmt"/>
        <line num="142" count="1" type="stmt"/>
        <line num="143" count="10" type="stmt"/>
        <line num="168" count="1" type="stmt"/>
        <line num="169" count="0" type="stmt"/>
        <line num="171" count="0" type="stmt"/>
        <line num="172" count="0" type="stmt"/>
        <line num="175" count="0" type="stmt"/>
        <line num="178" count="1" type="stmt"/>
        <line num="184" count="0" type="stmt"/>
        <line num="186" count="0" type="stmt"/>
        <line num="187" count="0" type="stmt"/>
        <line num="190" count="0" type="stmt"/>
        <line num="192" count="0" type="stmt"/>
        <line num="194" count="0" type="stmt"/>
        <line num="196" count="0" type="stmt"/>
        <line num="199" count="1" type="stmt"/>
        <line num="200" count="5" type="stmt"/>
        <line num="201" count="5" type="stmt"/>
        <line num="203" count="5" type="stmt"/>
        <line num="205" count="5" type="stmt"/>
        <line num="213" count="2" type="stmt"/>
        <line num="214" count="2" type="cond" truecount="2" falsecount="0"/>
        <line num="215" count="1" type="stmt"/>
        <line num="216" count="1" type="stmt"/>
        <line num="218" count="1" type="stmt"/>
        <line num="226" count="0" type="stmt"/>
        <line num="244" count="0" type="stmt"/>
        <line num="279" count="0" type="stmt"/>
        <line num="298" count="1" type="cond" truecount="2" falsecount="2"/>
        <line num="299" count="1" type="stmt"/>
        <line num="300" count="1" type="stmt"/>
        <line num="302" count="0" type="stmt"/>
        <line num="303" count="0" type="stmt"/>
        <line num="319" count="1" type="stmt"/>
      </file>
      <file name="tableContent.js" path="/Users/sintabela/Documents/expo/nanda/fe-3/components/tableContent.js">
        <metrics statements="58" coveredstatements="25" conditionals="29" coveredconditionals="7" methods="22" coveredmethods="10"/>
        <line num="12" count="1" type="stmt"/>
        <line num="13" count="1" type="stmt"/>
        <line num="14" count="1" type="stmt"/>
        <line num="25" count="1" type="stmt"/>
        <line num="26" count="1" type="cond" truecount="1" falsecount="1"/>
        <line num="27" count="0" type="stmt"/>
        <line num="31" count="1" type="stmt"/>
        <line num="38" count="1" type="stmt"/>
        <line num="39" count="1" type="stmt"/>
        <line num="46" count="1" type="stmt"/>
        <line num="47" count="1" type="stmt"/>
        <line num="54" count="1" type="stmt"/>
        <line num="61" count="0" type="stmt"/>
        <line num="69" count="0" type="stmt"/>
        <line num="84" count="1" type="stmt"/>
        <line num="85" count="1" type="stmt"/>
        <line num="88" count="1" type="stmt"/>
        <line num="89" count="0" type="stmt"/>
        <line num="92" count="1" type="stmt"/>
        <line num="93" count="1" type="stmt"/>
        <line num="94" count="0" type="stmt"/>
        <line num="96" count="0" type="stmt"/>
        <line num="97" count="0" type="stmt"/>
        <line num="99" count="0" type="cond" truecount="0" falsecount="4"/>
        <line num="100" count="0" type="stmt"/>
        <line num="101" count="0" type="stmt"/>
        <line num="102" count="0" type="cond" truecount="0" falsecount="2"/>
        <line num="103" count="0" type="stmt"/>
        <line num="104" count="0" type="stmt"/>
        <line num="107" count="0" type="stmt"/>
        <line num="108" count="0" type="stmt"/>
        <line num="111" count="1" type="stmt"/>
        <line num="113" count="0" type="cond" truecount="0" falsecount="4"/>
        <line num="114" count="0" type="stmt"/>
        <line num="116" count="0" type="stmt"/>
        <line num="117" count="0" type="stmt"/>
        <line num="118" count="0" type="stmt"/>
        <line num="119" count="0" type="stmt"/>
        <line num="122" count="1" type="stmt"/>
        <line num="124" count="0" type="cond" truecount="0" falsecount="5"/>
        <line num="125" count="0" type="stmt"/>
        <line num="127" count="0" type="stmt"/>
        <line num="128" count="0" type="stmt"/>
        <line num="129" count="0" type="stmt"/>
        <line num="130" count="0" type="stmt"/>
        <line num="133" count="1" type="stmt"/>
        <line num="171" count="1" type="cond" truecount="1" falsecount="1"/>
        <line num="183" count="0" type="stmt"/>
        <line num="188" count="0" type="stmt"/>
        <line num="190" count="0" type="stmt"/>
        <line num="206" count="0" type="stmt"/>
        <line num="221" count="0" type="stmt"/>
        <line num="236" count="0" type="stmt"/>
        <line num="264" count="1" type="stmt"/>
        <line num="325" count="1" type="stmt"/>
        <line num="326" count="1" type="stmt"/>
        <line num="338" count="1" type="stmt"/>
        <line num="339" count="1" type="stmt"/>
      </file>
      <file name="topNavbar.js" path="/Users/sintabela/Documents/expo/nanda/fe-3/components/topNavbar.js">
        <metrics statements="29" coveredstatements="22" conditionals="2" coveredconditionals="1" methods="15" coveredmethods="9"/>
        <line num="16" count="1" type="stmt"/>
        <line num="18" count="3" type="stmt"/>
        <line num="19" count="3" type="stmt"/>
        <line num="20" count="9" type="stmt"/>
        <line num="29" count="3" type="stmt"/>
        <line num="30" count="0" type="stmt"/>
        <line num="32" count="3" type="stmt"/>
        <line num="50" count="9" type="stmt"/>
        <line num="52" count="0" type="stmt"/>
        <line num="68" count="9" type="stmt"/>
        <line num="74" count="1" type="stmt"/>
        <line num="75" count="3" type="stmt"/>
        <line num="76" count="0" type="stmt"/>
        <line num="78" count="3" type="stmt"/>
        <line num="95" count="1" type="stmt"/>
        <line num="123" count="1" type="stmt"/>
        <line num="124" count="3" type="stmt"/>
        <line num="127" count="3" type="stmt"/>
        <line num="128" count="0" type="stmt"/>
        <line num="129" count="0" type="stmt"/>
        <line num="132" count="3" type="stmt"/>
        <line num="133" count="3" type="stmt"/>
        <line num="134" count="2" type="stmt"/>
        <line num="145" count="3" type="stmt"/>
        <line num="149" count="0" type="stmt"/>
        <line num="191" count="0" type="stmt"/>
        <line num="203" count="1" type="stmt"/>
        <line num="235" count="1" type="stmt"/>
        <line num="247" count="1" type="stmt"/>
      </file>
    </package>
    <package name="data">
      <metrics statements="3" coveredstatements="3" conditionals="0" coveredconditionals="0" methods="2" coveredmethods="2"/>
      <file name="getData.js" path="/Users/sintabela/Documents/expo/nanda/fe-3/data/getData.js">
        <metrics statements="3" coveredstatements="3" conditionals="0" coveredconditionals="0" methods="2" coveredmethods="2"/>
        <line num="1" count="2" type="stmt"/>
        <line num="4" count="3" type="stmt"/>
        <line num="9" count="1" type="stmt"/>
      </file>
    </package>
  </project>
</coverage>
