{"/Users/sintabela/Documents/expo/nanda/fe-3/components/button.js": {"path":"/Users/sintabela/Documents/expo/nanda/fe-3/components/button.js","statementMap":{"0":{"start":{"line":16,"column":20},"end":{"line":100,"column":1}},"1":{"start":{"line":18,"column":23},"end":{"line":27,"column":5}},"2":{"start":{"line":20,"column":12},"end":{"line":25,"column":14}},"3":{"start":{"line":29,"column":33},"end":{"line":40,"column":5}},"4":{"start":{"line":30,"column":33},"end":{"line":30,"column":58}},"5":{"start":{"line":31,"column":8},"end":{"line":37,"column":9}},"6":{"start":{"line":32,"column":12},"end":{"line":32,"column":42}},"7":{"start":{"line":33,"column":15},"end":{"line":37,"column":9}},"8":{"start":{"line":34,"column":12},"end":{"line":36,"column":15}},"9":{"start":{"line":35,"column":16},"end":{"line":35,"column":36}},"10":{"start":{"line":39,"column":8},"end":{"line":39,"column":52}},"11":{"start":{"line":43,"column":4},"end":{"line":99,"column":6}},"12":{"start":{"line":62,"column":20},"end":{"line":95,"column":39}},"13":{"start":{"line":64,"column":28},"end":{"line":64,"column":60}},"14":{"start":{"line":102,"column":25},"end":{"line":120,"column":1}},"15":{"start":{"line":103,"column":4},"end":{"line":119,"column":23}},"16":{"start":{"line":122,"column":26},"end":{"line":140,"column":1}},"17":{"start":{"line":123,"column":4},"end":{"line":139,"column":23}},"18":{"start":{"line":124,"column":23},"end":{"line":124,"column":81}},"19":{"start":{"line":142,"column":19},"end":{"line":166,"column":1}},"20":{"start":{"line":143,"column":4},"end":{"line":165,"column":23}},"21":{"start":{"line":168,"column":26},"end":{"line":176,"column":1}},"22":{"start":{"line":169,"column":26},"end":{"line":169,"column":65}},"23":{"start":{"line":171,"column":4},"end":{"line":173,"column":7}},"24":{"start":{"line":172,"column":8},"end":{"line":172,"column":37}},"25":{"start":{"line":175,"column":4},"end":{"line":175,"column":36}},"26":{"start":{"line":178,"column":24},"end":{"line":197,"column":1}},"27":{"start":{"line":184,"column":4},"end":{"line":184,"column":20}},"28":{"start":{"line":186,"column":4},"end":{"line":188,"column":7}},"29":{"start":{"line":187,"column":8},"end":{"line":187,"column":33}},"30":{"start":{"line":190,"column":4},"end":{"line":190,"column":30}},"31":{"start":{"line":192,"column":4},"end":{"line":192,"column":30}},"32":{"start":{"line":194,"column":4},"end":{"line":194,"column":27}},"33":{"start":{"line":196,"column":4},"end":{"line":196,"column":38}},"34":{"start":{"line":199,"column":15},"end":{"line":317,"column":1}},"35":{"start":{"line":200,"column":44},"end":{"line":200,"column":59}},"36":{"start":{"line":201,"column":48},"end":{"line":201,"column":60}},"37":{"start":{"line":203,"column":26},"end":{"line":203,"column":48}},"38":{"start":{"line":205,"column":4},"end":{"line":316,"column":6}},"39":{"start":{"line":213,"column":24},"end":{"line":213,"column":65}},"40":{"start":{"line":214,"column":24},"end":{"line":217,"column":25}},"41":{"start":{"line":215,"column":28},"end":{"line":215,"column":73}},"42":{"start":{"line":216,"column":28},"end":{"line":216,"column":35}},"43":{"start":{"line":218,"column":24},"end":{"line":218,"column":46}},"44":{"start":{"line":226,"column":24},"end":{"line":226,"column":47}},"45":{"start":{"line":244,"column":39},"end":{"line":244,"column":61}},"46":{"start":{"line":279,"column":32},"end":{"line":284,"column":34}},"47":{"start":{"line":298,"column":24},"end":{"line":301,"column":25}},"48":{"start":{"line":299,"column":28},"end":{"line":299,"column":76}},"49":{"start":{"line":300,"column":28},"end":{"line":300,"column":35}},"50":{"start":{"line":302,"column":24},"end":{"line":302,"column":49}},"51":{"start":{"line":303,"column":24},"end":{"line":303,"column":48}},"52":{"start":{"line":319,"column":15},"end":{"line":360,"column":2}}},"fnMap":{"0":{"name":"(anonymous_0)","decl":{"start":{"line":16,"column":20},"end":{"line":16,"column":21}},"loc":{"start":{"line":16,"column":31},"end":{"line":100,"column":1}},"line":16},"1":{"name":"(anonymous_1)","decl":{"start":{"line":19,"column":8},"end":{"line":19,"column":9}},"loc":{"start":{"line":19,"column":34},"end":{"line":26,"column":9}},"line":19},"2":{"name":"(anonymous_2)","decl":{"start":{"line":29,"column":33},"end":{"line":29,"column":34}},"loc":{"start":{"line":29,"column":43},"end":{"line":40,"column":5}},"line":29},"3":{"name":"(anonymous_3)","decl":{"start":{"line":34,"column":59},"end":{"line":34,"column":60}},"loc":{"start":{"line":34,"column":68},"end":{"line":36,"column":13}},"line":34},"4":{"name":"(anonymous_4)","decl":{"start":{"line":61,"column":28},"end":{"line":61,"column":29}},"loc":{"start":{"line":62,"column":20},"end":{"line":95,"column":39}},"line":62},"5":{"name":"(anonymous_5)","decl":{"start":{"line":63,"column":33},"end":{"line":63,"column":34}},"loc":{"start":{"line":63,"column":39},"end":{"line":65,"column":25}},"line":63},"6":{"name":"(anonymous_6)","decl":{"start":{"line":102,"column":25},"end":{"line":102,"column":26}},"loc":{"start":{"line":103,"column":4},"end":{"line":119,"column":23}},"line":103},"7":{"name":"(anonymous_7)","decl":{"start":{"line":122,"column":26},"end":{"line":122,"column":27}},"loc":{"start":{"line":123,"column":4},"end":{"line":139,"column":23}},"line":123},"8":{"name":"(anonymous_8)","decl":{"start":{"line":124,"column":17},"end":{"line":124,"column":18}},"loc":{"start":{"line":124,"column":23},"end":{"line":124,"column":81}},"line":124},"9":{"name":"(anonymous_9)","decl":{"start":{"line":142,"column":19},"end":{"line":142,"column":20}},"loc":{"start":{"line":143,"column":4},"end":{"line":165,"column":23}},"line":143},"10":{"name":"(anonymous_10)","decl":{"start":{"line":168,"column":26},"end":{"line":168,"column":27}},"loc":{"start":{"line":168,"column":59},"end":{"line":176,"column":1}},"line":168},"11":{"name":"(anonymous_11)","decl":{"start":{"line":171,"column":45},"end":{"line":171,"column":46}},"loc":{"start":{"line":171,"column":54},"end":{"line":173,"column":5}},"line":171},"12":{"name":"(anonymous_12)","decl":{"start":{"line":178,"column":24},"end":{"line":178,"column":25}},"loc":{"start":{"line":183,"column":5},"end":{"line":197,"column":1}},"line":183},"13":{"name":"(anonymous_13)","decl":{"start":{"line":186,"column":27},"end":{"line":186,"column":28}},"loc":{"start":{"line":186,"column":40},"end":{"line":188,"column":5}},"line":186},"14":{"name":"(anonymous_14)","decl":{"start":{"line":199,"column":15},"end":{"line":199,"column":16}},"loc":{"start":{"line":199,"column":26},"end":{"line":317,"column":1}},"line":199},"15":{"name":"(anonymous_15)","decl":{"start":{"line":212,"column":30},"end":{"line":212,"column":31}},"loc":{"start":{"line":212,"column":36},"end":{"line":219,"column":21}},"line":212},"16":{"name":"(anonymous_16)","decl":{"start":{"line":225,"column":36},"end":{"line":225,"column":37}},"loc":{"start":{"line":225,"column":42},"end":{"line":227,"column":21}},"line":225},"17":{"name":"(anonymous_17)","decl":{"start":{"line":244,"column":33},"end":{"line":244,"column":34}},"loc":{"start":{"line":244,"column":39},"end":{"line":244,"column":61}},"line":244},"18":{"name":"(anonymous_18)","decl":{"start":{"line":278,"column":38},"end":{"line":278,"column":39}},"loc":{"start":{"line":278,"column":44},"end":{"line":285,"column":29}},"line":278},"19":{"name":"(anonymous_19)","decl":{"start":{"line":297,"column":30},"end":{"line":297,"column":31}},"loc":{"start":{"line":297,"column":36},"end":{"line":304,"column":21}},"line":297}},"branchMap":{"0":{"loc":{"start":{"line":31,"column":8},"end":{"line":37,"column":9}},"type":"if","locations":[{"start":{"line":31,"column":8},"end":{"line":37,"column":9}},{"start":{"line":31,"column":8},"end":{"line":37,"column":9}}],"line":31},"1":{"loc":{"start":{"line":33,"column":15},"end":{"line":37,"column":9}},"type":"if","locations":[{"start":{"line":33,"column":15},"end":{"line":37,"column":9}},{"start":{"line":33,"column":15},"end":{"line":37,"column":9}}],"line":33},"2":{"loc":{"start":{"line":70,"column":32},"end":{"line":72,"column":42}},"type":"cond-expr","locations":[{"start":{"line":71,"column":38},"end":{"line":71,"column":54}},{"start":{"line":72,"column":38},"end":{"line":72,"column":42}}],"line":70},"3":{"loc":{"start":{"line":211,"column":25},"end":{"line":211,"column":50}},"type":"cond-expr","locations":[{"start":{"line":211,"column":37},"end":{"line":211,"column":42}},{"start":{"line":211,"column":45},"end":{"line":211,"column":50}}],"line":211},"4":{"loc":{"start":{"line":214,"column":24},"end":{"line":217,"column":25}},"type":"if","locations":[{"start":{"line":214,"column":24},"end":{"line":217,"column":25}},{"start":{"line":214,"column":24},"end":{"line":217,"column":25}}],"line":214},"5":{"loc":{"start":{"line":296,"column":25},"end":{"line":296,"column":50}},"type":"cond-expr","locations":[{"start":{"line":296,"column":37},"end":{"line":296,"column":42}},{"start":{"line":296,"column":45},"end":{"line":296,"column":50}}],"line":296},"6":{"loc":{"start":{"line":298,"column":24},"end":{"line":301,"column":25}},"type":"if","locations":[{"start":{"line":298,"column":24},"end":{"line":301,"column":25}},{"start":{"line":298,"column":24},"end":{"line":301,"column":25}}],"line":298},"7":{"loc":{"start":{"line":298,"column":28},"end":{"line":298,"column":81}},"type":"binary-expr","locations":[{"start":{"line":298,"column":28},"end":{"line":298,"column":47}},{"start":{"line":298,"column":51},"end":{"line":298,"column":81}}],"line":298},"8":{"loc":{"start":{"line":310,"column":25},"end":{"line":310,"column":50}},"type":"cond-expr","locations":[{"start":{"line":310,"column":37},"end":{"line":310,"column":42}},{"start":{"line":310,"column":45},"end":{"line":310,"column":50}}],"line":310}},"s":{"0":1,"1":5,"2":18,"3":5,"4":0,"5":0,"6":0,"7":0,"8":0,"9":0,"10":0,"11":5,"12":18,"13":0,"14":1,"15":5,"16":1,"17":5,"18":0,"19":1,"20":10,"21":1,"22":0,"23":0,"24":0,"25":0,"26":1,"27":0,"28":0,"29":0,"30":0,"31":0,"32":0,"33":0,"34":1,"35":5,"36":5,"37":5,"38":5,"39":2,"40":2,"41":1,"42":1,"43":1,"44":0,"45":0,"46":0,"47":1,"48":1,"49":1,"50":0,"51":0,"52":1},"f":{"0":5,"1":18,"2":0,"3":0,"4":18,"5":0,"6":5,"7":5,"8":0,"9":10,"10":0,"11":0,"12":0,"13":0,"14":5,"15":2,"16":0,"17":0,"18":0,"19":1},"b":{"0":[0,0],"1":[0,0],"2":[0,18],"3":[0,5],"4":[1,1],"5":[0,5],"6":[1,0],"7":[1,0],"8":[0,5]},"_coverageSchema":"1a1c01bbd47fc00a2c39e90264f33305004495a9","hash":"3778f5292804998f11b3ebccd93d4bbda66e5d6b"}
,"/Users/sintabela/Documents/expo/nanda/fe-3/components/tableContent.js": {"path":"/Users/sintabela/Documents/expo/nanda/fe-3/components/tableContent.js","statementMap":{"0":{"start":{"line":12,"column":16},"end":{"line":82,"column":1}},"1":{"start":{"line":13,"column":31},"end":{"line":23,"column":5}},"2":{"start":{"line":14,"column":8},"end":{"line":22,"column":10}},"3":{"start":{"line":25,"column":29},"end":{"line":35,"column":5}},"4":{"start":{"line":26,"column":8},"end":{"line":34,"column":9}},"5":{"start":{"line":27,"column":12},"end":{"line":29,"column":14}},"6":{"start":{"line":31,"column":12},"end":{"line":33,"column":14}},"7":{"start":{"line":38,"column":27},"end":{"line":44,"column":5}},"8":{"start":{"line":39,"column":8},"end":{"line":43,"column":10}},"9":{"start":{"line":46,"column":27},"end":{"line":52,"column":5}},"10":{"start":{"line":47,"column":8},"end":{"line":51,"column":10}},"11":{"start":{"line":54,"column":4},"end":{"line":81,"column":6}},"12":{"start":{"line":61,"column":16},"end":{"line":67,"column":18}},"13":{"start":{"line":69,"column":16},"end":{"line":69,"column":65}},"14":{"start":{"line":84,"column":20},"end":{"line":86,"column":1}},"15":{"start":{"line":85,"column":4},"end":{"line":85,"column":57}},"16":{"start":{"line":88,"column":14},"end":{"line":90,"column":1}},"17":{"start":{"line":89,"column":4},"end":{"line":89,"column":59}},"18":{"start":{"line":92,"column":21},"end":{"line":262,"column":1}},"19":{"start":{"line":93,"column":26},"end":{"line":109,"column":5}},"20":{"start":{"line":94,"column":23},"end":{"line":94,"column":45}},"21":{"start":{"line":96,"column":20},"end":{"line":96,"column":70}},"22":{"start":{"line":96,"column":52},"end":{"line":96,"column":69}},"23":{"start":{"line":97,"column":26},"end":{"line":97,"column":53}},"24":{"start":{"line":99,"column":8},"end":{"line":105,"column":9}},"25":{"start":{"line":100,"column":12},"end":{"line":100,"column":58}},"26":{"start":{"line":101,"column":12},"end":{"line":101,"column":21}},"27":{"start":{"line":102,"column":15},"end":{"line":105,"column":9}},"28":{"start":{"line":103,"column":12},"end":{"line":103,"column":74}},"29":{"start":{"line":104,"column":12},"end":{"line":104,"column":21}},"30":{"start":{"line":107,"column":8},"end":{"line":107,"column":44}},"31":{"start":{"line":108,"column":8},"end":{"line":108,"column":39}},"32":{"start":{"line":111,"column":28},"end":{"line":120,"column":5}},"33":{"start":{"line":113,"column":8},"end":{"line":115,"column":9}},"34":{"start":{"line":114,"column":12},"end":{"line":114,"column":23}},"35":{"start":{"line":116,"column":23},"end":{"line":116,"column":45}},"36":{"start":{"line":117,"column":20},"end":{"line":117,"column":70}},"37":{"start":{"line":117,"column":52},"end":{"line":117,"column":69}},"38":{"start":{"line":118,"column":8},"end":{"line":118,"column":37}},"39":{"start":{"line":119,"column":8},"end":{"line":119,"column":39}},"40":{"start":{"line":122,"column":31},"end":{"line":131,"column":5}},"41":{"start":{"line":124,"column":8},"end":{"line":126,"column":9}},"42":{"start":{"line":125,"column":12},"end":{"line":125,"column":26}},"43":{"start":{"line":127,"column":23},"end":{"line":127,"column":45}},"44":{"start":{"line":128,"column":20},"end":{"line":128,"column":70}},"45":{"start":{"line":128,"column":52},"end":{"line":128,"column":69}},"46":{"start":{"line":129,"column":8},"end":{"line":129,"column":49}},"47":{"start":{"line":130,"column":8},"end":{"line":130,"column":39}},"48":{"start":{"line":133,"column":4},"end":{"line":261,"column":6}},"49":{"start":{"line":171,"column":24},"end":{"line":256,"column":33}},"50":{"start":{"line":183,"column":68},"end":{"line":185,"column":45}},"51":{"start":{"line":188,"column":44},"end":{"line":188,"column":74}},"52":{"start":{"line":190,"column":44},"end":{"line":190,"column":82}},"53":{"start":{"line":206,"column":48},"end":{"line":206,"column":90}},"54":{"start":{"line":221,"column":52},"end":{"line":221,"column":96}},"55":{"start":{"line":236,"column":52},"end":{"line":236,"column":99}},"56":{"start":{"line":264,"column":15},"end":{"line":323,"column":2}},"57":{"start":{"line":325,"column":17},"end":{"line":336,"column":1}},"58":{"start":{"line":326,"column":4},"end":{"line":335,"column":6}},"59":{"start":{"line":338,"column":16},"end":{"line":344,"column":1}},"60":{"start":{"line":339,"column":4},"end":{"line":343,"column":6}}},"fnMap":{"0":{"name":"(anonymous_0)","decl":{"start":{"line":12,"column":16},"end":{"line":12,"column":17}},"loc":{"start":{"line":12,"column":27},"end":{"line":82,"column":1}},"line":12},"1":{"name":"(anonymous_1)","decl":{"start":{"line":13,"column":31},"end":{"line":13,"column":32}},"loc":{"start":{"line":13,"column":42},"end":{"line":23,"column":5}},"line":13},"2":{"name":"(anonymous_2)","decl":{"start":{"line":25,"column":29},"end":{"line":25,"column":30}},"loc":{"start":{"line":25,"column":43},"end":{"line":35,"column":5}},"line":25},"3":{"name":"(anonymous_3)","decl":{"start":{"line":38,"column":27},"end":{"line":38,"column":28}},"loc":{"start":{"line":38,"column":38},"end":{"line":44,"column":5}},"line":38},"4":{"name":"(anonymous_4)","decl":{"start":{"line":46,"column":27},"end":{"line":46,"column":28}},"loc":{"start":{"line":46,"column":38},"end":{"line":52,"column":5}},"line":46},"5":{"name":"(anonymous_5)","decl":{"start":{"line":60,"column":21},"end":{"line":60,"column":22}},"loc":{"start":{"line":60,"column":27},"end":{"line":70,"column":13}},"line":60},"6":{"name":"(anonymous_6)","decl":{"start":{"line":84,"column":20},"end":{"line":84,"column":21}},"loc":{"start":{"line":84,"column":31},"end":{"line":86,"column":1}},"line":84},"7":{"name":"(anonymous_7)","decl":{"start":{"line":88,"column":14},"end":{"line":88,"column":15}},"loc":{"start":{"line":88,"column":25},"end":{"line":90,"column":1}},"line":88},"8":{"name":"(anonymous_8)","decl":{"start":{"line":92,"column":21},"end":{"line":92,"column":22}},"loc":{"start":{"line":92,"column":32},"end":{"line":262,"column":1}},"line":92},"9":{"name":"(anonymous_9)","decl":{"start":{"line":93,"column":26},"end":{"line":93,"column":27}},"loc":{"start":{"line":93,"column":39},"end":{"line":109,"column":5}},"line":93},"10":{"name":"(anonymous_10)","decl":{"start":{"line":96,"column":39},"end":{"line":96,"column":40}},"loc":{"start":{"line":96,"column":52},"end":{"line":96,"column":69}},"line":96},"11":{"name":"(anonymous_11)","decl":{"start":{"line":111,"column":28},"end":{"line":111,"column":29}},"loc":{"start":{"line":111,"column":43},"end":{"line":120,"column":5}},"line":111},"12":{"name":"(anonymous_12)","decl":{"start":{"line":117,"column":39},"end":{"line":117,"column":40}},"loc":{"start":{"line":117,"column":52},"end":{"line":117,"column":69}},"line":117},"13":{"name":"(anonymous_13)","decl":{"start":{"line":122,"column":31},"end":{"line":122,"column":32}},"loc":{"start":{"line":122,"column":49},"end":{"line":131,"column":5}},"line":122},"14":{"name":"(anonymous_14)","decl":{"start":{"line":128,"column":39},"end":{"line":128,"column":40}},"loc":{"start":{"line":128,"column":52},"end":{"line":128,"column":69}},"line":128},"15":{"name":"(anonymous_15)","decl":{"start":{"line":170,"column":43},"end":{"line":170,"column":44}},"loc":{"start":{"line":170,"column":60},"end":{"line":257,"column":21}},"line":170},"16":{"name":"(anonymous_16)","decl":{"start":{"line":182,"column":56},"end":{"line":182,"column":57}},"loc":{"start":{"line":182,"column":73},"end":{"line":191,"column":41}},"line":182},"17":{"name":"(anonymous_17)","decl":{"start":{"line":205,"column":58},"end":{"line":205,"column":59}},"loc":{"start":{"line":206,"column":48},"end":{"line":206,"column":90}},"line":206},"18":{"name":"(anonymous_18)","decl":{"start":{"line":220,"column":62},"end":{"line":220,"column":63}},"loc":{"start":{"line":221,"column":52},"end":{"line":221,"column":96}},"line":221},"19":{"name":"(anonymous_19)","decl":{"start":{"line":235,"column":62},"end":{"line":235,"column":63}},"loc":{"start":{"line":236,"column":52},"end":{"line":236,"column":99}},"line":236},"20":{"name":"(anonymous_20)","decl":{"start":{"line":325,"column":17},"end":{"line":325,"column":18}},"loc":{"start":{"line":325,"column":28},"end":{"line":336,"column":1}},"line":325},"21":{"name":"(anonymous_21)","decl":{"start":{"line":338,"column":16},"end":{"line":338,"column":17}},"loc":{"start":{"line":338,"column":27},"end":{"line":344,"column":1}},"line":338}},"branchMap":{"0":{"loc":{"start":{"line":26,"column":8},"end":{"line":34,"column":9}},"type":"if","locations":[{"start":{"line":26,"column":8},"end":{"line":34,"column":9}},{"start":{"line":26,"column":8},"end":{"line":34,"column":9}}],"line":26},"1":{"loc":{"start":{"line":99,"column":8},"end":{"line":105,"column":9}},"type":"if","locations":[{"start":{"line":99,"column":8},"end":{"line":105,"column":9}},{"start":{"line":99,"column":8},"end":{"line":105,"column":9}}],"line":99},"2":{"loc":{"start":{"line":99,"column":12},"end":{"line":99,"column":27}},"type":"binary-expr","locations":[{"start":{"line":99,"column":12},"end":{"line":99,"column":16}},{"start":{"line":99,"column":20},"end":{"line":99,"column":27}}],"line":99},"3":{"loc":{"start":{"line":102,"column":15},"end":{"line":105,"column":9}},"type":"if","locations":[{"start":{"line":102,"column":15},"end":{"line":105,"column":9}},{"start":{"line":102,"column":15},"end":{"line":105,"column":9}}],"line":102},"4":{"loc":{"start":{"line":113,"column":8},"end":{"line":115,"column":9}},"type":"if","locations":[{"start":{"line":113,"column":8},"end":{"line":115,"column":9}},{"start":{"line":113,"column":8},"end":{"line":115,"column":9}}],"line":113},"5":{"loc":{"start":{"line":113,"column":12},"end":{"line":113,"column":31}},"type":"binary-expr","locations":[{"start":{"line":113,"column":12},"end":{"line":113,"column":18}},{"start":{"line":113,"column":22},"end":{"line":113,"column":31}}],"line":113},"6":{"loc":{"start":{"line":124,"column":8},"end":{"line":126,"column":9}},"type":"if","locations":[{"start":{"line":124,"column":8},"end":{"line":126,"column":9}},{"start":{"line":124,"column":8},"end":{"line":126,"column":9}}],"line":124},"7":{"loc":{"start":{"line":124,"column":12},"end":{"line":124,"column":55}},"type":"binary-expr","locations":[{"start":{"line":124,"column":12},"end":{"line":124,"column":21}},{"start":{"line":124,"column":25},"end":{"line":124,"column":37}},{"start":{"line":124,"column":41},"end":{"line":124,"column":55}}],"line":124},"8":{"loc":{"start":{"line":171,"column":31},"end":{"line":256,"column":32}},"type":"cond-expr","locations":[{"start":{"line":172,"column":28},"end":{"line":255,"column":34}},{"start":{"line":256,"column":28},"end":{"line":256,"column":32}}],"line":171},"9":{"loc":{"start":{"line":199,"column":56},"end":{"line":199,"column":97}},"type":"cond-expr","locations":[{"start":{"line":199,"column":79},"end":{"line":199,"column":88}},{"start":{"line":199,"column":91},"end":{"line":199,"column":97}}],"line":199},"10":{"loc":{"start":{"line":214,"column":37},"end":{"line":226,"column":44}},"type":"cond-expr","locations":[{"start":{"line":215,"column":40},"end":{"line":225,"column":47}},{"start":{"line":226,"column":40},"end":{"line":226,"column":44}}],"line":214},"11":{"loc":{"start":{"line":229,"column":37},"end":{"line":241,"column":44}},"type":"cond-expr","locations":[{"start":{"line":230,"column":40},"end":{"line":240,"column":47}},{"start":{"line":241,"column":40},"end":{"line":241,"column":44}}],"line":229},"12":{"loc":{"start":{"line":245,"column":37},"end":{"line":253,"column":44}},"type":"cond-expr","locations":[{"start":{"line":246,"column":40},"end":{"line":252,"column":42}},{"start":{"line":253,"column":40},"end":{"line":253,"column":44}}],"line":245},"13":{"loc":{"start":{"line":245,"column":37},"end":{"line":245,"column":72}},"type":"binary-expr","locations":[{"start":{"line":245,"column":37},"end":{"line":245,"column":57}},{"start":{"line":245,"column":61},"end":{"line":245,"column":72}}],"line":245}},"s":{"0":1,"1":1,"2":1,"3":1,"4":1,"5":0,"6":1,"7":1,"8":1,"9":1,"10":1,"11":1,"12":0,"13":0,"14":1,"15":1,"16":1,"17":0,"18":1,"19":1,"20":0,"21":0,"22":0,"23":0,"24":0,"25":0,"26":0,"27":0,"28":0,"29":0,"30":0,"31":0,"32":1,"33":0,"34":0,"35":0,"36":0,"37":0,"38":0,"39":0,"40":1,"41":0,"42":0,"43":0,"44":0,"45":0,"46":0,"47":0,"48":1,"49":1,"50":0,"51":0,"52":0,"53":0,"54":0,"55":0,"56":1,"57":1,"58":1,"59":1,"60":1},"f":{"0":1,"1":1,"2":1,"3":1,"4":1,"5":0,"6":1,"7":0,"8":1,"9":0,"10":0,"11":0,"12":0,"13":0,"14":0,"15":1,"16":0,"17":0,"18":0,"19":0,"20":1,"21":1},"b":{"0":[0,1],"1":[0,0],"2":[0,0],"3":[0,0],"4":[0,0],"5":[0,0],"6":[0,0],"7":[0,0,0],"8":[1,0],"9":[0,1],"10":[0,1],"11":[0,1],"12":[0,1],"13":[1,0]},"_coverageSchema":"1a1c01bbd47fc00a2c39e90264f33305004495a9","hash":"93fb74ecc12b6411e693927dc9842c245d80655d"}
,"/Users/sintabela/Documents/expo/nanda/fe-3/components/topNavbar.js": {"path":"/Users/sintabela/Documents/expo/nanda/fe-3/components/topNavbar.js","statementMap":{"0":{"start":{"line":16,"column":21},"end":{"line":72,"column":1}},"1":{"start":{"line":18,"column":25},"end":{"line":18,"column":42}},"2":{"start":{"line":19,"column":22},"end":{"line":26,"column":3}},"3":{"start":{"line":20,"column":2},"end":{"line":25,"column":4}},"4":{"start":{"line":29,"column":22},"end":{"line":31,"column":2}},"5":{"start":{"line":30,"column":2},"end":{"line":30,"column":31}},"6":{"start":{"line":32,"column":1},"end":{"line":71,"column":3}},"7":{"start":{"line":50,"column":5},"end":{"line":66,"column":24}},"8":{"start":{"line":52,"column":21},"end":{"line":52,"column":44}},"9":{"start":{"line":68,"column":28},"end":{"line":68,"column":35}},"10":{"start":{"line":74,"column":28},"end":{"line":121,"column":1}},"11":{"start":{"line":75,"column":22},"end":{"line":77,"column":2}},"12":{"start":{"line":76,"column":2},"end":{"line":76,"column":17}},"13":{"start":{"line":78,"column":1},"end":{"line":120,"column":3}},"14":{"start":{"line":95,"column":19},"end":{"line":95,"column":33}},"15":{"start":{"line":123,"column":25},"end":{"line":201,"column":1}},"16":{"start":{"line":124,"column":35},"end":{"line":124,"column":50}},"17":{"start":{"line":127,"column":24},"end":{"line":130,"column":2}},"18":{"start":{"line":128,"column":2},"end":{"line":128,"column":38}},"19":{"start":{"line":129,"column":2},"end":{"line":129,"column":22}},"20":{"start":{"line":132,"column":23},"end":{"line":141,"column":2}},"21":{"start":{"line":133,"column":2},"end":{"line":140,"column":8}},"22":{"start":{"line":134,"column":3},"end":{"line":139,"column":5}},"23":{"start":{"line":145,"column":1},"end":{"line":200,"column":3}},"24":{"start":{"line":149,"column":19},"end":{"line":149,"column":37}},"25":{"start":{"line":191,"column":5},"end":{"line":191,"column":25}},"26":{"start":{"line":203,"column":15},"end":{"line":233,"column":2}},"27":{"start":{"line":235,"column":20},"end":{"line":245,"column":2}},"28":{"start":{"line":247,"column":19},"end":{"line":266,"column":2}}},"fnMap":{"0":{"name":"(anonymous_0)","decl":{"start":{"line":16,"column":21},"end":{"line":16,"column":22}},"loc":{"start":{"line":16,"column":45},"end":{"line":72,"column":1}},"line":16},"1":{"name":"(anonymous_1)","decl":{"start":{"line":19,"column":58},"end":{"line":19,"column":59}},"loc":{"start":{"line":19,"column":77},"end":{"line":26,"column":2}},"line":19},"2":{"name":"(anonymous_2)","decl":{"start":{"line":29,"column":22},"end":{"line":29,"column":23}},"loc":{"start":{"line":29,"column":40},"end":{"line":31,"column":2}},"line":29},"3":{"name":"(anonymous_3)","decl":{"start":{"line":49,"column":16},"end":{"line":49,"column":17}},"loc":{"start":{"line":50,"column":5},"end":{"line":66,"column":24}},"line":50},"4":{"name":"(anonymous_4)","decl":{"start":{"line":52,"column":15},"end":{"line":52,"column":16}},"loc":{"start":{"line":52,"column":21},"end":{"line":52,"column":44}},"line":52},"5":{"name":"(anonymous_5)","decl":{"start":{"line":68,"column":18},"end":{"line":68,"column":19}},"loc":{"start":{"line":68,"column":28},"end":{"line":68,"column":35}},"line":68},"6":{"name":"(anonymous_6)","decl":{"start":{"line":74,"column":28},"end":{"line":74,"column":29}},"loc":{"start":{"line":74,"column":54},"end":{"line":121,"column":1}},"line":74},"7":{"name":"(anonymous_7)","decl":{"start":{"line":75,"column":22},"end":{"line":75,"column":23}},"loc":{"start":{"line":75,"column":28},"end":{"line":77,"column":2}},"line":75},"8":{"name":"(anonymous_8)","decl":{"start":{"line":95,"column":13},"end":{"line":95,"column":14}},"loc":{"start":{"line":95,"column":19},"end":{"line":95,"column":33}},"line":95},"9":{"name":"(anonymous_9)","decl":{"start":{"line":123,"column":25},"end":{"line":123,"column":26}},"loc":{"start":{"line":123,"column":36},"end":{"line":201,"column":1}},"line":123},"10":{"name":"(anonymous_10)","decl":{"start":{"line":127,"column":24},"end":{"line":127,"column":25}},"loc":{"start":{"line":127,"column":42},"end":{"line":130,"column":2}},"line":127},"11":{"name":"(anonymous_11)","decl":{"start":{"line":132,"column":23},"end":{"line":132,"column":24}},"loc":{"start":{"line":132,"column":29},"end":{"line":141,"column":2}},"line":132},"12":{"name":"(anonymous_12)","decl":{"start":{"line":133,"column":34},"end":{"line":133,"column":35}},"loc":{"start":{"line":133,"column":60},"end":{"line":140,"column":3}},"line":133},"13":{"name":"(anonymous_13)","decl":{"start":{"line":149,"column":13},"end":{"line":149,"column":14}},"loc":{"start":{"line":149,"column":19},"end":{"line":149,"column":37}},"line":149},"14":{"name":"(anonymous_14)","decl":{"start":{"line":190,"column":20},"end":{"line":190,"column":21}},"loc":{"start":{"line":190,"column":26},"end":{"line":192,"column":5}},"line":190}},"branchMap":{"0":{"loc":{"start":{"line":158,"column":6},"end":{"line":158,"column":65}},"type":"cond-expr","locations":[{"start":{"line":158,"column":27},"end":{"line":158,"column":45}},{"start":{"line":158,"column":48},"end":{"line":158,"column":65}}],"line":158}},"s":{"0":1,"1":3,"2":3,"3":9,"4":3,"5":0,"6":3,"7":9,"8":0,"9":9,"10":1,"11":3,"12":0,"13":3,"14":1,"15":1,"16":3,"17":3,"18":0,"19":0,"20":3,"21":3,"22":2,"23":3,"24":0,"25":0,"26":1,"27":1,"28":1},"f":{"0":3,"1":9,"2":0,"3":9,"4":0,"5":9,"6":3,"7":0,"8":1,"9":3,"10":0,"11":3,"12":2,"13":0,"14":0},"b":{"0":[3,0]},"_coverageSchema":"1a1c01bbd47fc00a2c39e90264f33305004495a9","hash":"0fa8a9fd5924d666a16e55971a7d6b0381695ee9"}
,"/Users/sintabela/Documents/expo/nanda/fe-3/data/getData.js": {"path":"/Users/sintabela/Documents/expo/nanda/fe-3/data/getData.js","statementMap":{"0":{"start":{"line":1,"column":13},"end":{"line":1,"column":36}},"1":{"start":{"line":4,"column":4},"end":{"line":4,"column":26}},"2":{"start":{"line":9,"column":4},"end":{"line":9,"column":25}}},"fnMap":{"0":{"name":"getCustomerData","decl":{"start":{"line":3,"column":16},"end":{"line":3,"column":31}},"loc":{"start":{"line":3,"column":34},"end":{"line":5,"column":1}},"line":3},"1":{"name":"getProductData","decl":{"start":{"line":8,"column":16},"end":{"line":8,"column":30}},"loc":{"start":{"line":8,"column":33},"end":{"line":10,"column":1}},"line":8}},"branchMap":{},"s":{"0":2,"1":3,"2":1},"f":{"0":3,"1":1},"b":{},"_coverageSchema":"1a1c01bbd47fc00a2c39e90264f33305004495a9","hash":"7937355ee4d7468e420b4182f807668b4c2cd640"}
}
