TN:
SF:components/button.js
FN:16,(anonymous_0)
FN:19,(anonymous_1)
FN:29,(anonymous_2)
FN:34,(anonymous_3)
FN:61,(anonymous_4)
FN:63,(anonymous_5)
FN:102,(anonymous_6)
FN:122,(anonymous_7)
FN:124,(anonymous_8)
FN:142,(anonymous_9)
FN:168,(anonymous_10)
FN:171,(anonymous_11)
FN:178,(anonymous_12)
FN:186,(anonymous_13)
FN:199,(anonymous_14)
FN:212,(anonymous_15)
FN:225,(anonymous_16)
FN:244,(anonymous_17)
FN:278,(anonymous_18)
FN:297,(anonymous_19)
FNF:20
FNH:9
FNDA:5,(anonymous_0)
FNDA:18,(anonymous_1)
FNDA:0,(anonymous_2)
FNDA:0,(anonymous_3)
FNDA:18,(anonymous_4)
FNDA:0,(anonymous_5)
FNDA:5,(anonymous_6)
FNDA:5,(anonymous_7)
FNDA:0,(anonymous_8)
FNDA:10,(anonymous_9)
FNDA:0,(anonymous_10)
FNDA:0,(anonymous_11)
FNDA:0,(anonymous_12)
FNDA:0,(anonymous_13)
FNDA:5,(anonymous_14)
FNDA:2,(anonymous_15)
FNDA:0,(anonymous_16)
FNDA:0,(anonymous_17)
FNDA:0,(anonymous_18)
FNDA:1,(anonymous_19)
DA:16,1
DA:18,5
DA:20,18
DA:29,5
DA:30,0
DA:31,0
DA:32,0
DA:33,0
DA:34,0
DA:35,0
DA:39,0
DA:43,5
DA:62,18
DA:64,0
DA:102,1
DA:103,5
DA:122,1
DA:123,5
DA:124,0
DA:142,1
DA:143,10
DA:168,1
DA:169,0
DA:171,0
DA:172,0
DA:175,0
DA:178,1
DA:184,0
DA:186,0
DA:187,0
DA:190,0
DA:192,0
DA:194,0
DA:196,0
DA:199,1
DA:200,5
DA:201,5
DA:203,5
DA:205,5
DA:213,2
DA:214,2
DA:215,1
DA:216,1
DA:218,1
DA:226,0
DA:244,0
DA:279,0
DA:298,1
DA:299,1
DA:300,1
DA:302,0
DA:303,0
DA:319,1
LF:53
LH:28
BRDA:31,0,0,0
BRDA:31,0,1,0
BRDA:33,1,0,0
BRDA:33,1,1,0
BRDA:70,2,0,0
BRDA:70,2,1,18
BRDA:211,3,0,0
BRDA:211,3,1,5
BRDA:214,4,0,1
BRDA:214,4,1,1
BRDA:296,5,0,0
BRDA:296,5,1,5
BRDA:298,6,0,1
BRDA:298,6,1,0
BRDA:298,7,0,1
BRDA:298,7,1,0
BRDA:310,8,0,0
BRDA:310,8,1,5
BRF:18
BRH:8
end_of_record
TN:
SF:components/tableContent.js
FN:12,(anonymous_0)
FN:13,(anonymous_1)
FN:25,(anonymous_2)
FN:38,(anonymous_3)
FN:46,(anonymous_4)
FN:60,(anonymous_5)
FN:84,(anonymous_6)
FN:88,(anonymous_7)
FN:92,(anonymous_8)
FN:93,(anonymous_9)
FN:96,(anonymous_10)
FN:111,(anonymous_11)
FN:117,(anonymous_12)
FN:122,(anonymous_13)
FN:128,(anonymous_14)
FN:170,(anonymous_15)
FN:182,(anonymous_16)
FN:205,(anonymous_17)
FN:220,(anonymous_18)
FN:235,(anonymous_19)
FN:325,(anonymous_20)
FN:338,(anonymous_21)
FNF:22
FNH:10
FNDA:1,(anonymous_0)
FNDA:1,(anonymous_1)
FNDA:1,(anonymous_2)
FNDA:1,(anonymous_3)
FNDA:1,(anonymous_4)
FNDA:0,(anonymous_5)
FNDA:1,(anonymous_6)
FNDA:0,(anonymous_7)
FNDA:1,(anonymous_8)
FNDA:0,(anonymous_9)
FNDA:0,(anonymous_10)
FNDA:0,(anonymous_11)
FNDA:0,(anonymous_12)
FNDA:0,(anonymous_13)
FNDA:0,(anonymous_14)
FNDA:1,(anonymous_15)
FNDA:0,(anonymous_16)
FNDA:0,(anonymous_17)
FNDA:0,(anonymous_18)
FNDA:0,(anonymous_19)
FNDA:1,(anonymous_20)
FNDA:1,(anonymous_21)
DA:12,1
DA:13,1
DA:14,1
DA:25,1
DA:26,1
DA:27,0
DA:31,1
DA:38,1
DA:39,1
DA:46,1
DA:47,1
DA:54,1
DA:61,0
DA:69,0
DA:84,1
DA:85,1
DA:88,1
DA:89,0
DA:92,1
DA:93,1
DA:94,0
DA:96,0
DA:97,0
DA:99,0
DA:100,0
DA:101,0
DA:102,0
DA:103,0
DA:104,0
DA:107,0
DA:108,0
DA:111,1
DA:113,0
DA:114,0
DA:116,0
DA:117,0
DA:118,0
DA:119,0
DA:122,1
DA:124,0
DA:125,0
DA:127,0
DA:128,0
DA:129,0
DA:130,0
DA:133,1
DA:171,1
DA:183,0
DA:188,0
DA:190,0
DA:206,0
DA:221,0
DA:236,0
DA:264,1
DA:325,1
DA:326,1
DA:338,1
DA:339,1
LF:58
LH:25
BRDA:26,0,0,0
BRDA:26,0,1,1
BRDA:99,1,0,0
BRDA:99,1,1,0
BRDA:99,2,0,0
BRDA:99,2,1,0
BRDA:102,3,0,0
BRDA:102,3,1,0
BRDA:113,4,0,0
BRDA:113,4,1,0
BRDA:113,5,0,0
BRDA:113,5,1,0
BRDA:124,6,0,0
BRDA:124,6,1,0
BRDA:124,7,0,0
BRDA:124,7,1,0
BRDA:124,7,2,0
BRDA:171,8,0,1
BRDA:171,8,1,0
BRDA:199,9,0,0
BRDA:199,9,1,1
BRDA:214,10,0,0
BRDA:214,10,1,1
BRDA:229,11,0,0
BRDA:229,11,1,1
BRDA:245,12,0,0
BRDA:245,12,1,1
BRDA:245,13,0,1
BRDA:245,13,1,0
BRF:29
BRH:7
end_of_record
TN:
SF:components/topNavbar.js
FN:16,(anonymous_0)
FN:19,(anonymous_1)
FN:29,(anonymous_2)
FN:49,(anonymous_3)
FN:52,(anonymous_4)
FN:68,(anonymous_5)
FN:74,(anonymous_6)
FN:75,(anonymous_7)
FN:95,(anonymous_8)
FN:123,(anonymous_9)
FN:127,(anonymous_10)
FN:132,(anonymous_11)
FN:133,(anonymous_12)
FN:149,(anonymous_13)
FN:190,(anonymous_14)
FNF:15
FNH:9
FNDA:3,(anonymous_0)
FNDA:9,(anonymous_1)
FNDA:0,(anonymous_2)
FNDA:9,(anonymous_3)
FNDA:0,(anonymous_4)
FNDA:9,(anonymous_5)
FNDA:3,(anonymous_6)
FNDA:0,(anonymous_7)
FNDA:1,(anonymous_8)
FNDA:3,(anonymous_9)
FNDA:0,(anonymous_10)
FNDA:3,(anonymous_11)
FNDA:2,(anonymous_12)
FNDA:0,(anonymous_13)
FNDA:0,(anonymous_14)
DA:16,1
DA:18,3
DA:19,3
DA:20,9
DA:29,3
DA:30,0
DA:32,3
DA:50,9
DA:52,0
DA:68,9
DA:74,1
DA:75,3
DA:76,0
DA:78,3
DA:95,1
DA:123,1
DA:124,3
DA:127,3
DA:128,0
DA:129,0
DA:132,3
DA:133,3
DA:134,2
DA:145,3
DA:149,0
DA:191,0
DA:203,1
DA:235,1
DA:247,1
LF:29
LH:22
BRDA:158,0,0,3
BRDA:158,0,1,0
BRF:2
BRH:1
end_of_record
TN:
SF:data/getData.js
FN:3,getCustomerData
FN:8,getProductData
FNF:2
FNH:2
FNDA:3,getCustomerData
FNDA:1,getProductData
DA:1,2
DA:4,3
DA:9,1
LF:3
LH:3
BRF:0
BRH:0
end_of_record
